2016-05-20 09:45:51,050 [main] WARN  [net.sf.ehcache.CacheManager] - Creating a new instance of CacheManager using the diskStorePath "/var/folders/wn/zr6kbcn947z2z_0lcgt1dxnh0000gn/T/" which is already used by an existing CacheManager.
The source of the configuration was InputStreamConfigurationSource [stream=sun.net.www.protocol.jar.JarURLConnection$JarURLInputStream@7fa6a8d1].
The diskStore path for this CacheManager will be set to /var/folders/wn/zr6kbcn947z2z_0lcgt1dxnh0000gn/T//ehcache_auto_created_1463708751050.
To avoid this warning consider using the CacheManager factory methods to create a singleton CacheManager or specifying a separate ehcache configuration (ehcache.xml) for each CacheManager instance.
2016-05-20 09:48:37,266 [main] WARN  [net.sf.ehcache.CacheManager] - Creating a new instance of CacheManager using the diskStorePath "/var/folders/wn/zr6kbcn947z2z_0lcgt1dxnh0000gn/T/" which is already used by an existing CacheManager.
The source of the configuration was InputStreamConfigurationSource [stream=sun.net.www.protocol.jar.JarURLConnection$JarURLInputStream@73ceafdd].
The diskStore path for this CacheManager will be set to /var/folders/wn/zr6kbcn947z2z_0lcgt1dxnh0000gn/T//ehcache_auto_created_1463708917266.
To avoid this warning consider using the CacheManager factory methods to create a singleton CacheManager or specifying a separate ehcache configuration (ehcache.xml) for each CacheManager instance.
2016-05-20 09:49:44,958 [qtp497901016-23] DEBUG [com.jianfei.core.mapper.UserMapper.getUserByName] - ==>  Preparing: SELECT * from sys_users where login_name =? 
2016-05-20 09:49:44,999 [qtp497901016-23] DEBUG [com.jianfei.core.mapper.UserMapper.getUserByName] - ==> Parameters: admin(String)
2016-05-20 09:49:45,040 [qtp497901016-23] DEBUG [com.jianfei.core.mapper.UserMapper.getUserByName] - <==      Total: 1
2016-05-20 09:49:45,049 [qtp497901016-23] DEBUG [com.jianfei.core.mapper.UserMapper.getUserByName] - ==>  Preparing: SELECT * from sys_users where login_name =? 
2016-05-20 09:49:45,050 [qtp497901016-23] DEBUG [com.jianfei.core.mapper.UserMapper.getUserByName] - ==> Parameters: admin(String)
2016-05-20 09:49:45,053 [qtp497901016-23] DEBUG [com.jianfei.core.mapper.UserMapper.getUserByName] - <==      Total: 1
2016-05-20 09:49:45,970 [qtp497901016-21] DEBUG [com.jianfei.core.mapper.ResourceMapper.findResourceByUserId] - ==>  Preparing: SELECT auth.* FROM `sys_author` auth INNER JOIN `sys_role_author` ra ON auth.`id`=ra.`author_id` INNER JOIN `sys_use_role` sur ON sur.`role_id`=ra.`role_id` WHERE sur.`user_id`=? 
2016-05-20 09:49:45,973 [qtp497901016-21] DEBUG [com.jianfei.core.mapper.ResourceMapper.findResourceByUserId] - ==> Parameters: 1(Long)
2016-05-20 09:49:46,007 [qtp497901016-21] DEBUG [com.jianfei.core.mapper.ResourceMapper.findResourceByUserId] - <==      Total: 23
2016-05-20 09:49:48,332 [qtp497901016-21] DEBUG [com.jianfei.core.mapper.RoleMapper.selectRoleByUserId] - ==>  Preparing: SELECT role.* FROM `sys_roles` role INNER JOIN `sys_use_role` sur ON role.`id`=sur.`role_id` WHERE sur.`user_id`=? 
2016-05-20 09:49:48,333 [qtp497901016-21] DEBUG [com.jianfei.core.mapper.RoleMapper.selectRoleByUserId] - ==> Parameters: 1(Long)
2016-05-20 09:49:48,335 [qtp497901016-21] DEBUG [com.jianfei.core.mapper.RoleMapper.selectRoleByUserId] - <==      Total: 2
2016-05-20 09:49:48,338 [qtp497901016-21] DEBUG [com.jianfei.core.mapper.ResourceMapper.findResourceByUserId] - ==>  Preparing: SELECT auth.* FROM `sys_author` auth INNER JOIN `sys_role_author` ra ON auth.`id`=ra.`author_id` INNER JOIN `sys_use_role` sur ON sur.`role_id`=ra.`role_id` WHERE sur.`user_id`=? 
2016-05-20 09:49:48,338 [qtp497901016-21] DEBUG [com.jianfei.core.mapper.ResourceMapper.findResourceByUserId] - ==> Parameters: 1(Long)
2016-05-20 09:49:48,348 [qtp497901016-21] DEBUG [com.jianfei.core.mapper.ResourceMapper.findResourceByUserId] - <==      Total: 23
2016-05-20 09:49:48,884 [qtp497901016-25] DEBUG [com.jianfei.core.mapper.UserMapper.get_COUNT] - ==>  Preparing: SELECT count(*) FROM sys_users WHERE dtflag = 0 
2016-05-20 09:49:48,885 [qtp497901016-25] DEBUG [com.jianfei.core.mapper.UserMapper.get_COUNT] - ==> Parameters: 
2016-05-20 09:49:48,886 [qtp497901016-25] DEBUG [com.jianfei.core.mapper.UserMapper.get_COUNT] - <==      Total: 1
2016-05-20 09:49:48,887 [qtp497901016-25] DEBUG [com.jianfei.core.mapper.UserMapper.get] - ==>  Preparing: SELECT * from sys_users WHERE dtflag=0 order by create_time desc limit ?,? 
2016-05-20 09:49:48,889 [qtp497901016-25] DEBUG [com.jianfei.core.mapper.UserMapper.get] - ==> Parameters: 0(Integer), 10(Integer)
2016-05-20 09:49:48,893 [qtp497901016-25] DEBUG [com.jianfei.core.mapper.UserMapper.get] - <==      Total: 2
2016-05-20 09:49:52,086 [qtp497901016-24] DEBUG [com.jianfei.core.mapper.AppOrdersMapper.get_COUNT] - ==>  Preparing: SELECT count(*) FROM app_orders ord, sys_airport ap, sys_users agent, app_customer customer WHERE ord.id = agent.id AND ord.customer_id = customer.customer_id AND ord.airport_id = ap.airport_id 
2016-05-20 09:49:52,087 [qtp497901016-24] DEBUG [com.jianfei.core.mapper.AppOrdersMapper.get_COUNT] - ==> Parameters: 
2016-05-20 09:49:52,089 [qtp497901016-24] DEBUG [com.jianfei.core.mapper.AppOrdersMapper.get_COUNT] - <==      Total: 1
2016-05-20 09:49:52,090 [qtp497901016-24] DEBUG [com.jianfei.core.mapper.AppOrdersMapper.get] - ==>  Preparing: select ord.order_id,ord.order_time,ord.order_state,ord.invoice_flag, ap.airport_name,agent.name, customer.customer_name,customer.customer_phone from app_orders ord,sys_airport ap,sys_users agent,app_customer customer where ord.id=agent.id and ord.customer_id = customer.customer_id and ord.airport_id = ap.airport_id limit ?,? 
2016-05-20 09:49:52,091 [qtp497901016-24] DEBUG [com.jianfei.core.mapper.AppOrdersMapper.get] - ==> Parameters: 0(Integer), 10(Integer)
2016-05-20 09:49:52,095 [qtp497901016-24] DEBUG [com.jianfei.core.mapper.AppOrdersMapper.get] - <==      Total: 5
2016-05-20 09:50:06,411 [qtp497901016-21] DEBUG [com.jianfei.core.mapper.ResourceMapper.findResourceByUserId] - ==>  Preparing: SELECT auth.* FROM `sys_author` auth INNER JOIN `sys_role_author` ra ON auth.`id`=ra.`author_id` INNER JOIN `sys_use_role` sur ON sur.`role_id`=ra.`role_id` WHERE sur.`user_id`=? 
2016-05-20 09:50:06,411 [qtp497901016-21] DEBUG [com.jianfei.core.mapper.ResourceMapper.findResourceByUserId] - ==> Parameters: 1(Long)
2016-05-20 09:50:06,428 [qtp497901016-21] DEBUG [com.jianfei.core.mapper.ResourceMapper.findResourceByUserId] - <==      Total: 23
2016-05-20 09:50:10,309 [qtp497901016-37] DEBUG [com.jianfei.core.mapper.AppOrdersMapper.get_COUNT] - ==>  Preparing: SELECT count(*) FROM app_orders ord, sys_airport ap, sys_users agent, app_customer customer WHERE ord.id = agent.id AND ord.customer_id = customer.customer_id AND ord.airport_id = ap.airport_id 
2016-05-20 09:50:10,310 [qtp497901016-37] DEBUG [com.jianfei.core.mapper.AppOrdersMapper.get_COUNT] - ==> Parameters: 
2016-05-20 09:50:10,312 [qtp497901016-37] DEBUG [com.jianfei.core.mapper.AppOrdersMapper.get_COUNT] - <==      Total: 1
2016-05-20 09:50:10,312 [qtp497901016-37] DEBUG [com.jianfei.core.mapper.AppOrdersMapper.get] - ==>  Preparing: select ord.order_id,ord.order_time,ord.order_state,ord.invoice_flag, ap.airport_name,agent.name, customer.customer_name,customer.customer_phone from app_orders ord,sys_airport ap,sys_users agent,app_customer customer where ord.id=agent.id and ord.customer_id = customer.customer_id and ord.airport_id = ap.airport_id limit ?,? 
2016-05-20 09:50:10,313 [qtp497901016-37] DEBUG [com.jianfei.core.mapper.AppOrdersMapper.get] - ==> Parameters: 0(Integer), 10(Integer)
2016-05-20 09:50:10,318 [qtp497901016-37] DEBUG [com.jianfei.core.mapper.AppOrdersMapper.get] - <==      Total: 5
2016-05-20 09:50:26,363 [qtp497901016-26] DEBUG [com.jianfei.core.mapper.AppOrdersMapper.get_COUNT] - ==>  Preparing: SELECT count(*) FROM app_orders ord, sys_airport ap, sys_users agent, app_customer customer WHERE ord.id = agent.id AND ord.customer_id = customer.customer_id AND ord.airport_id = ap.airport_id 
2016-05-20 09:50:26,364 [qtp497901016-26] DEBUG [com.jianfei.core.mapper.AppOrdersMapper.get_COUNT] - ==> Parameters: 
2016-05-20 09:50:26,366 [qtp497901016-26] DEBUG [com.jianfei.core.mapper.AppOrdersMapper.get_COUNT] - <==      Total: 1
2016-05-20 09:50:26,366 [qtp497901016-26] DEBUG [com.jianfei.core.mapper.AppOrdersMapper.get] - ==>  Preparing: select ord.order_id,ord.order_time,ord.order_state,ord.invoice_flag, ap.airport_name,agent.name, customer.customer_name,customer.customer_phone from app_orders ord,sys_airport ap,sys_users agent,app_customer customer where ord.id=agent.id and ord.customer_id = customer.customer_id and ord.airport_id = ap.airport_id limit ?,? 
2016-05-20 09:50:26,367 [qtp497901016-26] DEBUG [com.jianfei.core.mapper.AppOrdersMapper.get] - ==> Parameters: 0(Integer), 10(Integer)
2016-05-20 09:50:26,372 [qtp497901016-26] DEBUG [com.jianfei.core.mapper.AppOrdersMapper.get] - <==      Total: 5
2016-05-20 09:52:41,870 [qtp497901016-37] DEBUG [com.jianfei.core.mapper.AppOrdersMapper.get_COUNT] - ==>  Preparing: SELECT count(*) FROM app_orders ord, sys_airport ap, sys_users agent, app_customer customer WHERE ord.id = agent.id AND ord.customer_id = customer.customer_id AND ord.airport_id = ap.airport_id 
2016-05-20 09:52:41,871 [qtp497901016-37] DEBUG [com.jianfei.core.mapper.AppOrdersMapper.get_COUNT] - ==> Parameters: 
2016-05-20 09:52:41,872 [qtp497901016-37] DEBUG [com.jianfei.core.mapper.AppOrdersMapper.get_COUNT] - <==      Total: 1
2016-05-20 09:52:41,874 [qtp497901016-37] DEBUG [com.jianfei.core.mapper.AppOrdersMapper.get] - ==>  Preparing: select ord.order_id,ord.order_time,ord.order_state,ord.invoice_flag, ap.airport_name,agent.name, customer.customer_name,customer.customer_phone from app_orders ord,sys_airport ap,sys_users agent,app_customer customer where ord.id=agent.id and ord.customer_id = customer.customer_id and ord.airport_id = ap.airport_id limit ?,? 
2016-05-20 09:52:41,876 [qtp497901016-37] DEBUG [com.jianfei.core.mapper.AppOrdersMapper.get] - ==> Parameters: 0(Integer), 10(Integer)
2016-05-20 09:52:41,889 [qtp497901016-37] DEBUG [com.jianfei.core.mapper.AppOrdersMapper.get] - <==      Total: 5
2016-05-20 10:11:33,937 [main] WARN  [net.sf.ehcache.CacheManager] - Creating a new instance of CacheManager using the diskStorePath "/var/folders/wn/zr6kbcn947z2z_0lcgt1dxnh0000gn/T/" which is already used by an existing CacheManager.
The source of the configuration was InputStreamConfigurationSource [stream=sun.net.www.protocol.jar.JarURLConnection$JarURLInputStream@21128554].
The diskStore path for this CacheManager will be set to /var/folders/wn/zr6kbcn947z2z_0lcgt1dxnh0000gn/T//ehcache_auto_created_1463710293936.
To avoid this warning consider using the CacheManager factory methods to create a singleton CacheManager or specifying a separate ehcache configuration (ehcache.xml) for each CacheManager instance.
2016-05-20 10:29:43,185 [qtp385226179-25] DEBUG [com.jianfei.core.mapper.UserMapper.getUserByName] - ==>  Preparing: SELECT * from sys_users where login_name =? 
2016-05-20 10:29:43,227 [qtp385226179-25] DEBUG [com.jianfei.core.mapper.UserMapper.getUserByName] - ==> Parameters: admin(String)
2016-05-20 10:29:43,300 [qtp385226179-25] DEBUG [com.jianfei.core.mapper.UserMapper.getUserByName] - <==      Total: 1
2016-05-20 10:29:43,399 [qtp385226179-25] DEBUG [com.jianfei.core.mapper.UserMapper.getUserByName] - ==>  Preparing: SELECT * from sys_users where login_name =? 
2016-05-20 10:29:43,400 [qtp385226179-25] DEBUG [com.jianfei.core.mapper.UserMapper.getUserByName] - ==> Parameters: admin(String)
2016-05-20 10:29:43,435 [qtp385226179-25] DEBUG [com.jianfei.core.mapper.UserMapper.getUserByName] - <==      Total: 1
2016-05-20 10:29:44,399 [qtp385226179-24] DEBUG [com.jianfei.core.mapper.ResourceMapper.findResourceByUserId] - ==>  Preparing: SELECT auth.* FROM `sys_author` auth INNER JOIN `sys_role_author` ra ON auth.`id`=ra.`author_id` INNER JOIN `sys_use_role` sur ON sur.`role_id`=ra.`role_id` WHERE sur.`user_id`=? 
2016-05-20 10:29:44,401 [qtp385226179-24] DEBUG [com.jianfei.core.mapper.ResourceMapper.findResourceByUserId] - ==> Parameters: 1(Long)
2016-05-20 10:29:44,468 [qtp385226179-24] DEBUG [com.jianfei.core.mapper.ResourceMapper.findResourceByUserId] - <==      Total: 24
2016-05-20 10:29:48,005 [qtp385226179-25] DEBUG [com.jianfei.core.mapper.AppOrdersMapper.get_COUNT] - ==>  Preparing: SELECT count(*) FROM app_orders ord, sys_airport ap, sys_users agent, app_customer customer WHERE ord.id = agent.id AND ord.customer_id = customer.customer_id AND ord.airport_id = ap.airport_id 
2016-05-20 10:29:48,006 [qtp385226179-25] DEBUG [com.jianfei.core.mapper.AppOrdersMapper.get_COUNT] - ==> Parameters: 
2016-05-20 10:29:48,037 [qtp385226179-25] DEBUG [com.jianfei.core.mapper.AppOrdersMapper.get_COUNT] - <==      Total: 1
2016-05-20 10:29:48,038 [qtp385226179-25] DEBUG [com.jianfei.core.mapper.AppOrdersMapper.get] - ==>  Preparing: select ord.order_id,ord.order_time,ord.order_state,ord.invoice_flag, ap.airport_name,agent.name, customer.customer_name,customer.customer_phone from app_orders ord,sys_airport ap,sys_users agent,app_customer customer where ord.id=agent.id and ord.customer_id = customer.customer_id and ord.airport_id = ap.airport_id limit ?,? 
2016-05-20 10:29:48,039 [qtp385226179-25] DEBUG [com.jianfei.core.mapper.AppOrdersMapper.get] - ==> Parameters: 0(Integer), 10(Integer)
2016-05-20 10:29:48,072 [qtp385226179-25] DEBUG [com.jianfei.core.mapper.AppOrdersMapper.get] - <==      Total: 4
2016-05-20 10:32:40,699 [qtp385226179-22] DEBUG [com.jianfei.core.mapper.ResourceMapper.findResourceByUserId] - ==>  Preparing: SELECT auth.* FROM `sys_author` auth INNER JOIN `sys_role_author` ra ON auth.`id`=ra.`author_id` INNER JOIN `sys_use_role` sur ON sur.`role_id`=ra.`role_id` WHERE sur.`user_id`=? 
2016-05-20 10:32:40,700 [qtp385226179-22] DEBUG [com.jianfei.core.mapper.ResourceMapper.findResourceByUserId] - ==> Parameters: 1(Long)
2016-05-20 10:32:40,748 [qtp385226179-22] DEBUG [com.jianfei.core.mapper.ResourceMapper.findResourceByUserId] - <==      Total: 24
2016-05-20 10:32:43,876 [qtp385226179-23] DEBUG [com.jianfei.core.mapper.AppOrdersMapper.get_COUNT] - ==>  Preparing: SELECT count(*) FROM app_orders ord, sys_airport ap, sys_users agent, app_customer customer WHERE ord.id = agent.id AND ord.customer_id = customer.customer_id AND ord.airport_id = ap.airport_id 
2016-05-20 10:32:43,877 [qtp385226179-23] DEBUG [com.jianfei.core.mapper.AppOrdersMapper.get_COUNT] - ==> Parameters: 
2016-05-20 10:32:43,908 [qtp385226179-23] DEBUG [com.jianfei.core.mapper.AppOrdersMapper.get_COUNT] - <==      Total: 1
2016-05-20 10:32:43,908 [qtp385226179-23] DEBUG [com.jianfei.core.mapper.AppOrdersMapper.get] - ==>  Preparing: select ord.order_id,ord.order_time,ord.order_state,ord.invoice_flag, ap.airport_name,agent.name, customer.customer_name,customer.customer_phone from app_orders ord,sys_airport ap,sys_users agent,app_customer customer where ord.id=agent.id and ord.customer_id = customer.customer_id and ord.airport_id = ap.airport_id limit ?,? 
2016-05-20 10:32:43,909 [qtp385226179-23] DEBUG [com.jianfei.core.mapper.AppOrdersMapper.get] - ==> Parameters: 0(Integer), 10(Integer)
2016-05-20 10:32:43,941 [qtp385226179-23] DEBUG [com.jianfei.core.mapper.AppOrdersMapper.get] - <==      Total: 4
2016-05-20 10:35:15,091 [qtp385226179-24] DEBUG [com.jianfei.core.mapper.ResourceMapper.findResourceByUserId] - ==>  Preparing: SELECT auth.* FROM `sys_author` auth INNER JOIN `sys_role_author` ra ON auth.`id`=ra.`author_id` INNER JOIN `sys_use_role` sur ON sur.`role_id`=ra.`role_id` WHERE sur.`user_id`=? 
2016-05-20 10:35:15,091 [qtp385226179-24] DEBUG [com.jianfei.core.mapper.ResourceMapper.findResourceByUserId] - ==> Parameters: 1(Long)
2016-05-20 10:35:15,140 [qtp385226179-24] DEBUG [com.jianfei.core.mapper.ResourceMapper.findResourceByUserId] - <==      Total: 24
2016-05-20 10:35:18,163 [qtp385226179-22] DEBUG [com.jianfei.core.mapper.AppOrdersMapper.get_COUNT] - ==>  Preparing: SELECT count(*) FROM app_orders ord, sys_airport ap, sys_users agent, app_customer customer WHERE ord.id = agent.id AND ord.customer_id = customer.customer_id AND ord.airport_id = ap.airport_id 
2016-05-20 10:35:18,163 [qtp385226179-22] DEBUG [com.jianfei.core.mapper.AppOrdersMapper.get_COUNT] - ==> Parameters: 
2016-05-20 10:35:18,194 [qtp385226179-22] DEBUG [com.jianfei.core.mapper.AppOrdersMapper.get_COUNT] - <==      Total: 1
2016-05-20 10:35:18,194 [qtp385226179-22] DEBUG [com.jianfei.core.mapper.AppOrdersMapper.get] - ==>  Preparing: select ord.order_id,ord.order_time,ord.order_state,ord.invoice_flag, ap.airport_name,agent.name, customer.customer_name,customer.customer_phone from app_orders ord,sys_airport ap,sys_users agent,app_customer customer where ord.id=agent.id and ord.customer_id = customer.customer_id and ord.airport_id = ap.airport_id limit ?,? 
2016-05-20 10:35:18,195 [qtp385226179-22] DEBUG [com.jianfei.core.mapper.AppOrdersMapper.get] - ==> Parameters: 0(Integer), 10(Integer)
2016-05-20 10:35:18,228 [qtp385226179-22] DEBUG [com.jianfei.core.mapper.AppOrdersMapper.get] - <==      Total: 4
2016-05-20 10:35:31,341 [qtp385226179-23] DEBUG [com.jianfei.core.mapper.ResourceMapper.findResourceByUserId] - ==>  Preparing: SELECT auth.* FROM `sys_author` auth INNER JOIN `sys_role_author` ra ON auth.`id`=ra.`author_id` INNER JOIN `sys_use_role` sur ON sur.`role_id`=ra.`role_id` WHERE sur.`user_id`=? 
2016-05-20 10:35:31,341 [qtp385226179-23] DEBUG [com.jianfei.core.mapper.ResourceMapper.findResourceByUserId] - ==> Parameters: 1(Long)
2016-05-20 10:35:31,386 [qtp385226179-23] DEBUG [com.jianfei.core.mapper.ResourceMapper.findResourceByUserId] - <==      Total: 24
2016-05-20 10:35:49,368 [qtp385226179-25] DEBUG [com.jianfei.core.mapper.ResourceMapper.findResourceByUserId] - ==>  Preparing: SELECT auth.* FROM `sys_author` auth INNER JOIN `sys_role_author` ra ON auth.`id`=ra.`author_id` INNER JOIN `sys_use_role` sur ON sur.`role_id`=ra.`role_id` WHERE sur.`user_id`=? 
2016-05-20 10:35:49,369 [qtp385226179-25] DEBUG [com.jianfei.core.mapper.ResourceMapper.findResourceByUserId] - ==> Parameters: 1(Long)
2016-05-20 10:35:49,416 [qtp385226179-25] DEBUG [com.jianfei.core.mapper.ResourceMapper.findResourceByUserId] - <==      Total: 24
2016-05-20 10:35:53,207 [qtp385226179-21] DEBUG [com.jianfei.core.mapper.AppOrdersMapper.get_COUNT] - ==>  Preparing: SELECT count(*) FROM app_orders ord, sys_airport ap, sys_users agent, app_customer customer WHERE ord.id = agent.id AND ord.customer_id = customer.customer_id AND ord.airport_id = ap.airport_id 
2016-05-20 10:35:53,208 [qtp385226179-21] DEBUG [com.jianfei.core.mapper.AppOrdersMapper.get_COUNT] - ==> Parameters: 
2016-05-20 10:35:53,383 [qtp385226179-21] DEBUG [com.jianfei.core.mapper.AppOrdersMapper.get_COUNT] - <==      Total: 1
2016-05-20 10:35:53,383 [qtp385226179-21] DEBUG [com.jianfei.core.mapper.AppOrdersMapper.get] - ==>  Preparing: select ord.order_id,ord.order_time,ord.order_state,ord.invoice_flag, ap.airport_name,agent.name, customer.customer_name,customer.customer_phone from app_orders ord,sys_airport ap,sys_users agent,app_customer customer where ord.id=agent.id and ord.customer_id = customer.customer_id and ord.airport_id = ap.airport_id limit ?,? 
2016-05-20 10:35:53,384 [qtp385226179-21] DEBUG [com.jianfei.core.mapper.AppOrdersMapper.get] - ==> Parameters: 0(Integer), 10(Integer)
2016-05-20 10:35:53,570 [qtp385226179-21] DEBUG [com.jianfei.core.mapper.AppOrdersMapper.get] - <==      Total: 4
2016-05-20 10:36:16,658 [qtp385226179-23] DEBUG [com.jianfei.core.mapper.ResourceMapper.findResourceByUserId] - ==>  Preparing: SELECT auth.* FROM `sys_author` auth INNER JOIN `sys_role_author` ra ON auth.`id`=ra.`author_id` INNER JOIN `sys_use_role` sur ON sur.`role_id`=ra.`role_id` WHERE sur.`user_id`=? 
2016-05-20 10:36:16,660 [qtp385226179-23] DEBUG [com.jianfei.core.mapper.ResourceMapper.findResourceByUserId] - ==> Parameters: 1(Long)
2016-05-20 10:36:16,703 [qtp385226179-23] DEBUG [com.jianfei.core.mapper.ResourceMapper.findResourceByUserId] - <==      Total: 24
2016-05-20 10:36:18,980 [qtp385226179-26] DEBUG [com.jianfei.core.mapper.AppOrdersMapper.get_COUNT] - ==>  Preparing: SELECT count(*) FROM app_orders ord, sys_airport ap, sys_users agent, app_customer customer WHERE ord.id = agent.id AND ord.customer_id = customer.customer_id AND ord.airport_id = ap.airport_id 
2016-05-20 10:36:18,981 [qtp385226179-26] DEBUG [com.jianfei.core.mapper.AppOrdersMapper.get_COUNT] - ==> Parameters: 
2016-05-20 10:36:19,011 [qtp385226179-26] DEBUG [com.jianfei.core.mapper.AppOrdersMapper.get_COUNT] - <==      Total: 1
2016-05-20 10:36:19,012 [qtp385226179-26] DEBUG [com.jianfei.core.mapper.AppOrdersMapper.get] - ==>  Preparing: select ord.order_id,ord.order_time,ord.order_state,ord.invoice_flag, ap.airport_name,agent.name, customer.customer_name,customer.customer_phone from app_orders ord,sys_airport ap,sys_users agent,app_customer customer where ord.id=agent.id and ord.customer_id = customer.customer_id and ord.airport_id = ap.airport_id limit ?,? 
2016-05-20 10:36:19,013 [qtp385226179-26] DEBUG [com.jianfei.core.mapper.AppOrdersMapper.get] - ==> Parameters: 0(Integer), 10(Integer)
2016-05-20 10:36:19,046 [qtp385226179-26] DEBUG [com.jianfei.core.mapper.AppOrdersMapper.get] - <==      Total: 4
2016-05-20 10:36:37,368 [qtp385226179-23] DEBUG [com.jianfei.core.mapper.ResourceMapper.findResourceByUserId] - ==>  Preparing: SELECT auth.* FROM `sys_author` auth INNER JOIN `sys_role_author` ra ON auth.`id`=ra.`author_id` INNER JOIN `sys_use_role` sur ON sur.`role_id`=ra.`role_id` WHERE sur.`user_id`=? 
2016-05-20 10:36:37,368 [qtp385226179-23] DEBUG [com.jianfei.core.mapper.ResourceMapper.findResourceByUserId] - ==> Parameters: 1(Long)
2016-05-20 10:36:37,418 [qtp385226179-23] DEBUG [com.jianfei.core.mapper.ResourceMapper.findResourceByUserId] - <==      Total: 24
2016-05-20 10:36:39,863 [qtp385226179-22] DEBUG [com.jianfei.core.mapper.AppOrdersMapper.get_COUNT] - ==>  Preparing: SELECT count(*) FROM app_orders ord, sys_airport ap, sys_users agent, app_customer customer WHERE ord.id = agent.id AND ord.customer_id = customer.customer_id AND ord.airport_id = ap.airport_id 
2016-05-20 10:36:39,863 [qtp385226179-22] DEBUG [com.jianfei.core.mapper.AppOrdersMapper.get_COUNT] - ==> Parameters: 
2016-05-20 10:36:40,296 [qtp385226179-22] DEBUG [com.jianfei.core.mapper.AppOrdersMapper.get_COUNT] - <==      Total: 1
2016-05-20 10:36:40,297 [qtp385226179-22] DEBUG [com.jianfei.core.mapper.AppOrdersMapper.get] - ==>  Preparing: select ord.order_id,ord.order_time,ord.order_state,ord.invoice_flag, ap.airport_name,agent.name, customer.customer_name,customer.customer_phone from app_orders ord,sys_airport ap,sys_users agent,app_customer customer where ord.id=agent.id and ord.customer_id = customer.customer_id and ord.airport_id = ap.airport_id limit ?,? 
2016-05-20 10:36:40,298 [qtp385226179-22] DEBUG [com.jianfei.core.mapper.AppOrdersMapper.get] - ==> Parameters: 0(Integer), 10(Integer)
2016-05-20 10:36:40,477 [qtp385226179-22] DEBUG [com.jianfei.core.mapper.AppOrdersMapper.get] - <==      Total: 4
2016-05-20 10:38:05,654 [qtp385226179-22] DEBUG [com.jianfei.core.mapper.ResourceMapper.findResourceByUserId] - ==>  Preparing: SELECT auth.* FROM `sys_author` auth INNER JOIN `sys_role_author` ra ON auth.`id`=ra.`author_id` INNER JOIN `sys_use_role` sur ON sur.`role_id`=ra.`role_id` WHERE sur.`user_id`=? 
2016-05-20 10:38:05,654 [qtp385226179-22] DEBUG [com.jianfei.core.mapper.ResourceMapper.findResourceByUserId] - ==> Parameters: 1(Long)
2016-05-20 10:38:05,701 [qtp385226179-22] DEBUG [com.jianfei.core.mapper.ResourceMapper.findResourceByUserId] - <==      Total: 24
2016-05-20 10:38:08,832 [qtp385226179-25] DEBUG [com.jianfei.core.mapper.AppOrdersMapper.get_COUNT] - ==>  Preparing: SELECT count(*) FROM app_orders ord, sys_airport ap, sys_users agent, app_customer customer WHERE ord.id = agent.id AND ord.customer_id = customer.customer_id AND ord.airport_id = ap.airport_id 
2016-05-20 10:38:08,833 [qtp385226179-25] DEBUG [com.jianfei.core.mapper.AppOrdersMapper.get_COUNT] - ==> Parameters: 
2016-05-20 10:38:08,863 [qtp385226179-25] DEBUG [com.jianfei.core.mapper.AppOrdersMapper.get_COUNT] - <==      Total: 1
2016-05-20 10:38:08,864 [qtp385226179-25] DEBUG [com.jianfei.core.mapper.AppOrdersMapper.get] - ==>  Preparing: select ord.order_id,ord.order_time,ord.order_state,ord.invoice_flag, ap.airport_name,agent.name, customer.customer_name,customer.customer_phone from app_orders ord,sys_airport ap,sys_users agent,app_customer customer where ord.id=agent.id and ord.customer_id = customer.customer_id and ord.airport_id = ap.airport_id limit ?,? 
2016-05-20 10:38:08,864 [qtp385226179-25] DEBUG [com.jianfei.core.mapper.AppOrdersMapper.get] - ==> Parameters: 0(Integer), 10(Integer)
2016-05-20 10:38:08,897 [qtp385226179-25] DEBUG [com.jianfei.core.mapper.AppOrdersMapper.get] - <==      Total: 4
2016-05-20 10:43:07,658 [main] WARN  [net.sf.ehcache.CacheManager] - Creating a new instance of CacheManager using the diskStorePath "/var/folders/wn/zr6kbcn947z2z_0lcgt1dxnh0000gn/T/" which is already used by an existing CacheManager.
The source of the configuration was InputStreamConfigurationSource [stream=sun.net.www.protocol.jar.JarURLConnection$JarURLInputStream@2833691e].
The diskStore path for this CacheManager will be set to /var/folders/wn/zr6kbcn947z2z_0lcgt1dxnh0000gn/T//ehcache_auto_created_1463712187658.
To avoid this warning consider using the CacheManager factory methods to create a singleton CacheManager or specifying a separate ehcache configuration (ehcache.xml) for each CacheManager instance.
2016-05-20 10:43:28,471 [qtp916102968-22] DEBUG [com.jianfei.core.mapper.UserMapper.getUserByName] - ==>  Preparing: SELECT * from sys_users where login_name =? 
2016-05-20 10:43:28,539 [qtp916102968-22] DEBUG [com.jianfei.core.mapper.UserMapper.getUserByName] - ==> Parameters: admin(String)
2016-05-20 10:43:28,619 [qtp916102968-22] DEBUG [com.jianfei.core.mapper.UserMapper.getUserByName] - <==      Total: 1
2016-05-20 10:43:28,709 [qtp916102968-22] DEBUG [com.jianfei.core.mapper.UserMapper.getUserByName] - ==>  Preparing: SELECT * from sys_users where login_name =? 
2016-05-20 10:43:28,710 [qtp916102968-22] DEBUG [com.jianfei.core.mapper.UserMapper.getUserByName] - ==> Parameters: admin(String)
2016-05-20 10:43:28,741 [qtp916102968-22] DEBUG [com.jianfei.core.mapper.UserMapper.getUserByName] - <==      Total: 1
2016-05-20 10:43:29,537 [qtp916102968-23] DEBUG [com.jianfei.core.mapper.ResourceMapper.findResourceByUserId] - ==>  Preparing: SELECT auth.* FROM `sys_author` auth INNER JOIN `sys_role_author` ra ON auth.`id`=ra.`author_id` INNER JOIN `sys_use_role` sur ON sur.`role_id`=ra.`role_id` WHERE sur.`user_id`=? 
2016-05-20 10:43:29,540 [qtp916102968-23] DEBUG [com.jianfei.core.mapper.ResourceMapper.findResourceByUserId] - ==> Parameters: 1(Long)
2016-05-20 10:43:29,603 [qtp916102968-23] DEBUG [com.jianfei.core.mapper.ResourceMapper.findResourceByUserId] - <==      Total: 24
2016-05-20 10:43:32,336 [qtp916102968-25] DEBUG [com.jianfei.core.mapper.AppOrdersMapper.get_COUNT] - ==>  Preparing: SELECT count(*) FROM app_orders ord, sys_airport ap, sys_users agent, app_customer customer WHERE ord.id = agent.id AND ord.customer_id = customer.customer_id AND ord.airport_id = ap.airport_id 
2016-05-20 10:43:32,337 [qtp916102968-25] DEBUG [com.jianfei.core.mapper.AppOrdersMapper.get_COUNT] - ==> Parameters: 
2016-05-20 10:43:32,366 [qtp916102968-25] DEBUG [com.jianfei.core.mapper.AppOrdersMapper.get_COUNT] - <==      Total: 1
2016-05-20 10:43:32,366 [qtp916102968-25] DEBUG [com.jianfei.core.mapper.AppOrdersMapper.get] - ==>  Preparing: select ord.order_id,ord.order_time,ord.order_state,ord.invoice_flag, ap.airport_name,agent.name, customer.customer_name,customer.customer_phone from app_orders ord,sys_airport ap,sys_users agent,app_customer customer where ord.id=agent.id and ord.customer_id = customer.customer_id and ord.airport_id = ap.airport_id limit ?,? 
2016-05-20 10:43:32,368 [qtp916102968-25] DEBUG [com.jianfei.core.mapper.AppOrdersMapper.get] - ==> Parameters: 0(Integer), 10(Integer)
2016-05-20 10:43:32,399 [qtp916102968-25] DEBUG [com.jianfei.core.mapper.AppOrdersMapper.get] - <==      Total: 4
2016-05-20 10:44:01,234 [qtp916102968-25] DEBUG [com.jianfei.core.mapper.ResourceMapper.findResourceByUserId] - ==>  Preparing: SELECT auth.* FROM `sys_author` auth INNER JOIN `sys_role_author` ra ON auth.`id`=ra.`author_id` INNER JOIN `sys_use_role` sur ON sur.`role_id`=ra.`role_id` WHERE sur.`user_id`=? 
2016-05-20 10:44:01,235 [qtp916102968-25] DEBUG [com.jianfei.core.mapper.ResourceMapper.findResourceByUserId] - ==> Parameters: 1(Long)
2016-05-20 10:44:01,278 [qtp916102968-25] DEBUG [com.jianfei.core.mapper.ResourceMapper.findResourceByUserId] - <==      Total: 24
2016-05-20 10:44:04,462 [qtp916102968-25] DEBUG [com.jianfei.core.mapper.AppOrdersMapper.get_COUNT] - ==>  Preparing: SELECT count(*) FROM app_orders ord, sys_airport ap, sys_users agent, app_customer customer WHERE ord.id = agent.id AND ord.customer_id = customer.customer_id AND ord.airport_id = ap.airport_id 
2016-05-20 10:44:04,463 [qtp916102968-25] DEBUG [com.jianfei.core.mapper.AppOrdersMapper.get_COUNT] - ==> Parameters: 
2016-05-20 10:44:04,492 [qtp916102968-25] DEBUG [com.jianfei.core.mapper.AppOrdersMapper.get_COUNT] - <==      Total: 1
2016-05-20 10:44:04,492 [qtp916102968-25] DEBUG [com.jianfei.core.mapper.AppOrdersMapper.get] - ==>  Preparing: select ord.order_id,ord.order_time,ord.order_state,ord.invoice_flag, ap.airport_name,agent.name, customer.customer_name,customer.customer_phone from app_orders ord,sys_airport ap,sys_users agent,app_customer customer where ord.id=agent.id and ord.customer_id = customer.customer_id and ord.airport_id = ap.airport_id limit ?,? 
2016-05-20 10:44:04,493 [qtp916102968-25] DEBUG [com.jianfei.core.mapper.AppOrdersMapper.get] - ==> Parameters: 0(Integer), 10(Integer)
2016-05-20 10:44:04,523 [qtp916102968-25] DEBUG [com.jianfei.core.mapper.AppOrdersMapper.get] - <==      Total: 4
2016-05-20 10:45:58,888 [qtp916102968-23] DEBUG [com.jianfei.core.mapper.ResourceMapper.findResourceByUserId] - ==>  Preparing: SELECT auth.* FROM `sys_author` auth INNER JOIN `sys_role_author` ra ON auth.`id`=ra.`author_id` INNER JOIN `sys_use_role` sur ON sur.`role_id`=ra.`role_id` WHERE sur.`user_id`=? 
2016-05-20 10:45:58,910 [qtp916102968-23] DEBUG [com.jianfei.core.mapper.ResourceMapper.findResourceByUserId] - ==> Parameters: 1(Long)
2016-05-20 10:45:58,963 [qtp916102968-23] DEBUG [com.jianfei.core.mapper.ResourceMapper.findResourceByUserId] - <==      Total: 24
2016-05-20 10:46:02,817 [qtp916102968-23] DEBUG [com.jianfei.core.mapper.AppOrdersMapper.get_COUNT] - ==>  Preparing: SELECT count(*) FROM app_orders ord, sys_airport ap, sys_users agent, app_customer customer WHERE ord.id = agent.id AND ord.customer_id = customer.customer_id AND ord.airport_id = ap.airport_id 
2016-05-20 10:46:02,818 [qtp916102968-23] DEBUG [com.jianfei.core.mapper.AppOrdersMapper.get_COUNT] - ==> Parameters: 
2016-05-20 10:46:02,848 [qtp916102968-23] DEBUG [com.jianfei.core.mapper.AppOrdersMapper.get_COUNT] - <==      Total: 1
2016-05-20 10:46:02,849 [qtp916102968-23] DEBUG [com.jianfei.core.mapper.AppOrdersMapper.get] - ==>  Preparing: select ord.order_id,ord.order_time,ord.order_state,ord.invoice_flag, ap.airport_name,agent.name, customer.customer_name,customer.customer_phone from app_orders ord,sys_airport ap,sys_users agent,app_customer customer where ord.id=agent.id and ord.customer_id = customer.customer_id and ord.airport_id = ap.airport_id limit ?,? 
2016-05-20 10:46:02,850 [qtp916102968-23] DEBUG [com.jianfei.core.mapper.AppOrdersMapper.get] - ==> Parameters: 0(Integer), 10(Integer)
2016-05-20 10:46:02,880 [qtp916102968-23] DEBUG [com.jianfei.core.mapper.AppOrdersMapper.get] - <==      Total: 4
2016-05-20 10:50:13,383 [qtp916102968-22] DEBUG [com.jianfei.core.mapper.ResourceMapper.findResourceByUserId] - ==>  Preparing: SELECT auth.* FROM `sys_author` auth INNER JOIN `sys_role_author` ra ON auth.`id`=ra.`author_id` INNER JOIN `sys_use_role` sur ON sur.`role_id`=ra.`role_id` WHERE sur.`user_id`=? 
2016-05-20 10:50:13,406 [qtp916102968-22] DEBUG [com.jianfei.core.mapper.ResourceMapper.findResourceByUserId] - ==> Parameters: 1(Long)
2016-05-20 10:50:13,463 [qtp916102968-22] DEBUG [com.jianfei.core.mapper.ResourceMapper.findResourceByUserId] - <==      Total: 24
2016-05-20 10:50:17,052 [qtp916102968-26] DEBUG [com.jianfei.core.mapper.AppOrdersMapper.get_COUNT] - ==>  Preparing: SELECT count(*) FROM app_orders ord, sys_airport ap, sys_users agent, app_customer customer WHERE ord.id = agent.id AND ord.customer_id = customer.customer_id AND ord.airport_id = ap.airport_id 
2016-05-20 10:50:17,053 [qtp916102968-26] DEBUG [com.jianfei.core.mapper.AppOrdersMapper.get_COUNT] - ==> Parameters: 
2016-05-20 10:50:17,081 [qtp916102968-26] DEBUG [com.jianfei.core.mapper.AppOrdersMapper.get_COUNT] - <==      Total: 1
2016-05-20 10:50:17,082 [qtp916102968-26] DEBUG [com.jianfei.core.mapper.AppOrdersMapper.get] - ==>  Preparing: select ord.order_id,ord.order_time,ord.order_state,ord.invoice_flag, ap.airport_name,agent.name, customer.customer_name,customer.customer_phone from app_orders ord,sys_airport ap,sys_users agent,app_customer customer where ord.id=agent.id and ord.customer_id = customer.customer_id and ord.airport_id = ap.airport_id limit ?,? 
2016-05-20 10:50:17,082 [qtp916102968-26] DEBUG [com.jianfei.core.mapper.AppOrdersMapper.get] - ==> Parameters: 0(Integer), 10(Integer)
2016-05-20 10:50:17,119 [qtp916102968-26] DEBUG [com.jianfei.core.mapper.AppOrdersMapper.get] - <==      Total: 4
2016-05-20 10:51:28,020 [main] WARN  [net.sf.ehcache.CacheManager] - Creating a new instance of CacheManager using the diskStorePath "/var/folders/wn/zr6kbcn947z2z_0lcgt1dxnh0000gn/T/" which is already used by an existing CacheManager.
The source of the configuration was InputStreamConfigurationSource [stream=sun.net.www.protocol.jar.JarURLConnection$JarURLInputStream@272f38c3].
The diskStore path for this CacheManager will be set to /var/folders/wn/zr6kbcn947z2z_0lcgt1dxnh0000gn/T//ehcache_auto_created_1463712688019.
To avoid this warning consider using the CacheManager factory methods to create a singleton CacheManager or specifying a separate ehcache configuration (ehcache.xml) for each CacheManager instance.
2016-05-20 10:51:41,922 [qtp82591464-22] DEBUG [com.jianfei.core.mapper.UserMapper.getUserByName] - ==>  Preparing: SELECT * from sys_users where login_name =? 
2016-05-20 10:51:41,967 [qtp82591464-22] DEBUG [com.jianfei.core.mapper.UserMapper.getUserByName] - ==> Parameters: admin(String)
2016-05-20 10:51:42,052 [qtp82591464-22] DEBUG [com.jianfei.core.mapper.UserMapper.getUserByName] - <==      Total: 1
2016-05-20 10:51:42,151 [qtp82591464-22] DEBUG [com.jianfei.core.mapper.UserMapper.getUserByName] - ==>  Preparing: SELECT * from sys_users where login_name =? 
2016-05-20 10:51:42,152 [qtp82591464-22] DEBUG [com.jianfei.core.mapper.UserMapper.getUserByName] - ==> Parameters: admin(String)
2016-05-20 10:51:42,183 [qtp82591464-22] DEBUG [com.jianfei.core.mapper.UserMapper.getUserByName] - <==      Total: 1
2016-05-20 10:51:43,264 [qtp82591464-24] DEBUG [com.jianfei.core.mapper.ResourceMapper.findResourceByUserId] - ==>  Preparing: SELECT auth.* FROM `sys_author` auth INNER JOIN `sys_role_author` ra ON auth.`id`=ra.`author_id` INNER JOIN `sys_use_role` sur ON sur.`role_id`=ra.`role_id` WHERE sur.`user_id`=? 
2016-05-20 10:51:43,266 [qtp82591464-24] DEBUG [com.jianfei.core.mapper.ResourceMapper.findResourceByUserId] - ==> Parameters: 1(Long)
2016-05-20 10:51:43,329 [qtp82591464-24] DEBUG [com.jianfei.core.mapper.ResourceMapper.findResourceByUserId] - <==      Total: 24
2016-05-20 10:51:46,480 [qtp82591464-25] DEBUG [com.jianfei.core.mapper.AppOrdersMapper.get_COUNT] - ==>  Preparing: SELECT count(*) FROM app_orders ord, sys_airport ap, sys_users agent, app_customer customer WHERE ord.id = agent.id AND ord.customer_id = customer.customer_id AND ord.airport_id = ap.airport_id 
2016-05-20 10:51:46,481 [qtp82591464-25] DEBUG [com.jianfei.core.mapper.AppOrdersMapper.get_COUNT] - ==> Parameters: 
2016-05-20 10:51:46,510 [qtp82591464-25] DEBUG [com.jianfei.core.mapper.AppOrdersMapper.get_COUNT] - <==      Total: 1
2016-05-20 10:51:46,511 [qtp82591464-25] DEBUG [com.jianfei.core.mapper.AppOrdersMapper.get] - ==>  Preparing: select ord.order_id,ord.order_time,ord.order_state,ord.invoice_flag, ap.airport_name,agent.name, customer.customer_name,customer.customer_phone from app_orders ord,sys_airport ap,sys_users agent,app_customer customer where ord.id=agent.id and ord.customer_id = customer.customer_id and ord.airport_id = ap.airport_id limit ?,? 
2016-05-20 10:51:46,512 [qtp82591464-25] DEBUG [com.jianfei.core.mapper.AppOrdersMapper.get] - ==> Parameters: 0(Integer), 10(Integer)
2016-05-20 10:51:46,546 [qtp82591464-25] DEBUG [com.jianfei.core.mapper.AppOrdersMapper.get] - <==      Total: 4
2016-05-20 10:53:05,795 [qtp82591464-22] DEBUG [com.jianfei.core.mapper.ResourceMapper.findResourceByUserId] - ==>  Preparing: SELECT auth.* FROM `sys_author` auth INNER JOIN `sys_role_author` ra ON auth.`id`=ra.`author_id` INNER JOIN `sys_use_role` sur ON sur.`role_id`=ra.`role_id` WHERE sur.`user_id`=? 
2016-05-20 10:53:05,796 [qtp82591464-22] DEBUG [com.jianfei.core.mapper.ResourceMapper.findResourceByUserId] - ==> Parameters: 1(Long)
2016-05-20 10:53:05,846 [qtp82591464-22] DEBUG [com.jianfei.core.mapper.ResourceMapper.findResourceByUserId] - <==      Total: 24
2016-05-20 10:53:10,015 [qtp82591464-25] DEBUG [com.jianfei.core.mapper.AppOrdersMapper.get_COUNT] - ==>  Preparing: SELECT count(*) FROM app_orders ord, sys_airport ap, sys_users agent, app_customer customer WHERE ord.id = agent.id AND ord.customer_id = customer.customer_id AND ord.airport_id = ap.airport_id 
2016-05-20 10:53:10,015 [qtp82591464-25] DEBUG [com.jianfei.core.mapper.AppOrdersMapper.get_COUNT] - ==> Parameters: 
2016-05-20 10:53:10,044 [qtp82591464-25] DEBUG [com.jianfei.core.mapper.AppOrdersMapper.get_COUNT] - <==      Total: 1
2016-05-20 10:53:10,045 [qtp82591464-25] DEBUG [com.jianfei.core.mapper.AppOrdersMapper.get] - ==>  Preparing: select ord.order_id,ord.order_time,ord.order_state,ord.invoice_flag, ap.airport_name,agent.name, customer.customer_name,customer.customer_phone from app_orders ord,sys_airport ap,sys_users agent,app_customer customer where ord.id=agent.id and ord.customer_id = customer.customer_id and ord.airport_id = ap.airport_id limit ?,? 
2016-05-20 10:53:10,046 [qtp82591464-25] DEBUG [com.jianfei.core.mapper.AppOrdersMapper.get] - ==> Parameters: 0(Integer), 10(Integer)
2016-05-20 10:53:10,078 [qtp82591464-25] DEBUG [com.jianfei.core.mapper.AppOrdersMapper.get] - <==      Total: 4
2016-05-20 10:56:05,614 [qtp82591464-21] DEBUG [com.jianfei.core.mapper.ResourceMapper.findResourceByUserId] - ==>  Preparing: SELECT auth.* FROM `sys_author` auth INNER JOIN `sys_role_author` ra ON auth.`id`=ra.`author_id` INNER JOIN `sys_use_role` sur ON sur.`role_id`=ra.`role_id` WHERE sur.`user_id`=? 
2016-05-20 10:56:05,638 [qtp82591464-21] DEBUG [com.jianfei.core.mapper.ResourceMapper.findResourceByUserId] - ==> Parameters: 1(Long)
2016-05-20 10:56:05,685 [qtp82591464-21] DEBUG [com.jianfei.core.mapper.ResourceMapper.findResourceByUserId] - <==      Total: 24
2016-05-20 10:56:11,643 [qtp82591464-22] DEBUG [com.jianfei.core.mapper.AppOrdersMapper.get_COUNT] - ==>  Preparing: SELECT count(*) FROM app_orders ord, sys_airport ap, sys_users agent, app_customer customer WHERE ord.id = agent.id AND ord.customer_id = customer.customer_id AND ord.airport_id = ap.airport_id 
2016-05-20 10:56:11,643 [qtp82591464-22] DEBUG [com.jianfei.core.mapper.AppOrdersMapper.get_COUNT] - ==> Parameters: 
2016-05-20 10:56:11,672 [qtp82591464-22] DEBUG [com.jianfei.core.mapper.AppOrdersMapper.get_COUNT] - <==      Total: 1
2016-05-20 10:56:11,673 [qtp82591464-22] DEBUG [com.jianfei.core.mapper.AppOrdersMapper.get] - ==>  Preparing: select ord.order_id,ord.order_time,ord.order_state,ord.invoice_flag, ap.airport_name,agent.name, customer.customer_name,customer.customer_phone from app_orders ord,sys_airport ap,sys_users agent,app_customer customer where ord.id=agent.id and ord.customer_id = customer.customer_id and ord.airport_id = ap.airport_id limit ?,? 
2016-05-20 10:56:11,674 [qtp82591464-22] DEBUG [com.jianfei.core.mapper.AppOrdersMapper.get] - ==> Parameters: 0(Integer), 10(Integer)
2016-05-20 10:56:11,705 [qtp82591464-22] DEBUG [com.jianfei.core.mapper.AppOrdersMapper.get] - <==      Total: 4
2016-05-20 10:57:24,594 [qtp82591464-25] DEBUG [com.jianfei.core.mapper.ResourceMapper.findResourceByUserId] - ==>  Preparing: SELECT auth.* FROM `sys_author` auth INNER JOIN `sys_role_author` ra ON auth.`id`=ra.`author_id` INNER JOIN `sys_use_role` sur ON sur.`role_id`=ra.`role_id` WHERE sur.`user_id`=? 
2016-05-20 10:57:24,618 [qtp82591464-25] DEBUG [com.jianfei.core.mapper.ResourceMapper.findResourceByUserId] - ==> Parameters: 1(Long)
2016-05-20 10:57:24,667 [qtp82591464-25] DEBUG [com.jianfei.core.mapper.ResourceMapper.findResourceByUserId] - <==      Total: 24
2016-05-20 10:57:29,955 [qtp82591464-22] DEBUG [com.jianfei.core.mapper.AppOrdersMapper.get_COUNT] - ==>  Preparing: SELECT count(*) FROM app_orders ord, sys_airport ap, sys_users agent, app_customer customer WHERE ord.id = agent.id AND ord.customer_id = customer.customer_id AND ord.airport_id = ap.airport_id 
2016-05-20 10:57:29,956 [qtp82591464-22] DEBUG [com.jianfei.core.mapper.AppOrdersMapper.get_COUNT] - ==> Parameters: 
2016-05-20 10:57:29,985 [qtp82591464-22] DEBUG [com.jianfei.core.mapper.AppOrdersMapper.get_COUNT] - <==      Total: 1
2016-05-20 10:57:29,985 [qtp82591464-22] DEBUG [com.jianfei.core.mapper.AppOrdersMapper.get] - ==>  Preparing: select ord.order_id,ord.order_time,ord.order_state,ord.invoice_flag, ap.airport_name,agent.name, customer.customer_name,customer.customer_phone from app_orders ord,sys_airport ap,sys_users agent,app_customer customer where ord.id=agent.id and ord.customer_id = customer.customer_id and ord.airport_id = ap.airport_id limit ?,? 
2016-05-20 10:57:29,986 [qtp82591464-22] DEBUG [com.jianfei.core.mapper.AppOrdersMapper.get] - ==> Parameters: 0(Integer), 10(Integer)
2016-05-20 10:57:30,021 [qtp82591464-22] DEBUG [com.jianfei.core.mapper.AppOrdersMapper.get] - <==      Total: 4
2016-05-20 10:58:05,971 [qtp82591464-22] DEBUG [com.jianfei.core.mapper.ResourceMapper.findResourceByUserId] - ==>  Preparing: SELECT auth.* FROM `sys_author` auth INNER JOIN `sys_role_author` ra ON auth.`id`=ra.`author_id` INNER JOIN `sys_use_role` sur ON sur.`role_id`=ra.`role_id` WHERE sur.`user_id`=? 
2016-05-20 10:58:05,972 [qtp82591464-22] DEBUG [com.jianfei.core.mapper.ResourceMapper.findResourceByUserId] - ==> Parameters: 1(Long)
2016-05-20 10:58:06,019 [qtp82591464-22] DEBUG [com.jianfei.core.mapper.ResourceMapper.findResourceByUserId] - <==      Total: 24
2016-05-20 10:58:11,524 [qtp82591464-24] DEBUG [com.jianfei.core.mapper.AppOrdersMapper.get_COUNT] - ==>  Preparing: SELECT count(*) FROM app_orders ord, sys_airport ap, sys_users agent, app_customer customer WHERE ord.id = agent.id AND ord.customer_id = customer.customer_id AND ord.airport_id = ap.airport_id 
2016-05-20 10:58:11,526 [qtp82591464-24] DEBUG [com.jianfei.core.mapper.AppOrdersMapper.get_COUNT] - ==> Parameters: 
2016-05-20 10:58:11,556 [qtp82591464-24] DEBUG [com.jianfei.core.mapper.AppOrdersMapper.get_COUNT] - <==      Total: 1
2016-05-20 10:58:11,558 [qtp82591464-24] DEBUG [com.jianfei.core.mapper.AppOrdersMapper.get] - ==>  Preparing: select ord.order_id,ord.order_time,ord.order_state,ord.invoice_flag, ap.airport_name,agent.name, customer.customer_name,customer.customer_phone from app_orders ord,sys_airport ap,sys_users agent,app_customer customer where ord.id=agent.id and ord.customer_id = customer.customer_id and ord.airport_id = ap.airport_id limit ?,? 
2016-05-20 10:58:11,559 [qtp82591464-24] DEBUG [com.jianfei.core.mapper.AppOrdersMapper.get] - ==> Parameters: 0(Integer), 10(Integer)
2016-05-20 10:58:11,591 [qtp82591464-24] DEBUG [com.jianfei.core.mapper.AppOrdersMapper.get] - <==      Total: 4
2016-05-20 10:59:19,590 [qtp82591464-24] DEBUG [com.jianfei.core.mapper.ResourceMapper.findResourceByUserId] - ==>  Preparing: SELECT auth.* FROM `sys_author` auth INNER JOIN `sys_role_author` ra ON auth.`id`=ra.`author_id` INNER JOIN `sys_use_role` sur ON sur.`role_id`=ra.`role_id` WHERE sur.`user_id`=? 
2016-05-20 10:59:19,621 [qtp82591464-24] DEBUG [com.jianfei.core.mapper.ResourceMapper.findResourceByUserId] - ==> Parameters: 1(Long)
2016-05-20 10:59:19,671 [qtp82591464-24] DEBUG [com.jianfei.core.mapper.ResourceMapper.findResourceByUserId] - <==      Total: 24
2016-05-20 10:59:22,118 [qtp82591464-24] DEBUG [com.jianfei.core.mapper.AppOrdersMapper.get_COUNT] - ==>  Preparing: SELECT count(*) FROM app_orders ord, sys_airport ap, sys_users agent, app_customer customer WHERE ord.id = agent.id AND ord.customer_id = customer.customer_id AND ord.airport_id = ap.airport_id 
2016-05-20 10:59:22,118 [qtp82591464-24] DEBUG [com.jianfei.core.mapper.AppOrdersMapper.get_COUNT] - ==> Parameters: 
2016-05-20 10:59:22,148 [qtp82591464-24] DEBUG [com.jianfei.core.mapper.AppOrdersMapper.get_COUNT] - <==      Total: 1
2016-05-20 10:59:22,148 [qtp82591464-24] DEBUG [com.jianfei.core.mapper.AppOrdersMapper.get] - ==>  Preparing: select ord.order_id,ord.order_time,ord.order_state,ord.invoice_flag, ap.airport_name,agent.name, customer.customer_name,customer.customer_phone from app_orders ord,sys_airport ap,sys_users agent,app_customer customer where ord.id=agent.id and ord.customer_id = customer.customer_id and ord.airport_id = ap.airport_id limit ?,? 
2016-05-20 10:59:22,149 [qtp82591464-24] DEBUG [com.jianfei.core.mapper.AppOrdersMapper.get] - ==> Parameters: 0(Integer), 10(Integer)
2016-05-20 10:59:22,180 [qtp82591464-24] DEBUG [com.jianfei.core.mapper.AppOrdersMapper.get] - <==      Total: 4
2016-05-20 10:59:43,223 [qtp82591464-23] DEBUG [com.jianfei.core.mapper.ResourceMapper.findResourceByUserId] - ==>  Preparing: SELECT auth.* FROM `sys_author` auth INNER JOIN `sys_role_author` ra ON auth.`id`=ra.`author_id` INNER JOIN `sys_use_role` sur ON sur.`role_id`=ra.`role_id` WHERE sur.`user_id`=? 
2016-05-20 10:59:43,243 [qtp82591464-23] DEBUG [com.jianfei.core.mapper.ResourceMapper.findResourceByUserId] - ==> Parameters: 1(Long)
2016-05-20 10:59:43,442 [qtp82591464-23] DEBUG [com.jianfei.core.mapper.ResourceMapper.findResourceByUserId] - <==      Total: 24
2016-05-20 10:59:47,198 [qtp82591464-25] DEBUG [com.jianfei.core.mapper.AppOrdersMapper.get_COUNT] - ==>  Preparing: SELECT count(*) FROM app_orders ord, sys_airport ap, sys_users agent, app_customer customer WHERE ord.id = agent.id AND ord.customer_id = customer.customer_id AND ord.airport_id = ap.airport_id 
2016-05-20 10:59:47,199 [qtp82591464-25] DEBUG [com.jianfei.core.mapper.AppOrdersMapper.get_COUNT] - ==> Parameters: 
2016-05-20 10:59:47,228 [qtp82591464-25] DEBUG [com.jianfei.core.mapper.AppOrdersMapper.get_COUNT] - <==      Total: 1
2016-05-20 10:59:47,228 [qtp82591464-25] DEBUG [com.jianfei.core.mapper.AppOrdersMapper.get] - ==>  Preparing: select ord.order_id,ord.order_time,ord.order_state,ord.invoice_flag, ap.airport_name,agent.name, customer.customer_name,customer.customer_phone from app_orders ord,sys_airport ap,sys_users agent,app_customer customer where ord.id=agent.id and ord.customer_id = customer.customer_id and ord.airport_id = ap.airport_id limit ?,? 
2016-05-20 10:59:47,229 [qtp82591464-25] DEBUG [com.jianfei.core.mapper.AppOrdersMapper.get] - ==> Parameters: 0(Integer), 10(Integer)
2016-05-20 10:59:47,262 [qtp82591464-25] DEBUG [com.jianfei.core.mapper.AppOrdersMapper.get] - <==      Total: 4
2016-05-20 11:00:19,276 [qtp82591464-23] DEBUG [com.jianfei.core.mapper.ResourceMapper.findResourceByUserId] - ==>  Preparing: SELECT auth.* FROM `sys_author` auth INNER JOIN `sys_role_author` ra ON auth.`id`=ra.`author_id` INNER JOIN `sys_use_role` sur ON sur.`role_id`=ra.`role_id` WHERE sur.`user_id`=? 
2016-05-20 11:00:19,277 [qtp82591464-23] DEBUG [com.jianfei.core.mapper.ResourceMapper.findResourceByUserId] - ==> Parameters: 1(Long)
2016-05-20 11:00:19,319 [qtp82591464-23] DEBUG [com.jianfei.core.mapper.ResourceMapper.findResourceByUserId] - <==      Total: 24
2016-05-20 11:00:22,009 [qtp82591464-22] DEBUG [com.jianfei.core.mapper.AppOrdersMapper.get_COUNT] - ==>  Preparing: SELECT count(*) FROM app_orders ord, sys_airport ap, sys_users agent, app_customer customer WHERE ord.id = agent.id AND ord.customer_id = customer.customer_id AND ord.airport_id = ap.airport_id 
2016-05-20 11:00:22,009 [qtp82591464-22] DEBUG [com.jianfei.core.mapper.AppOrdersMapper.get_COUNT] - ==> Parameters: 
2016-05-20 11:00:22,039 [qtp82591464-22] DEBUG [com.jianfei.core.mapper.AppOrdersMapper.get_COUNT] - <==      Total: 1
2016-05-20 11:00:22,039 [qtp82591464-22] DEBUG [com.jianfei.core.mapper.AppOrdersMapper.get] - ==>  Preparing: select ord.order_id,ord.order_time,ord.order_state,ord.invoice_flag, ap.airport_name,agent.name, customer.customer_name,customer.customer_phone from app_orders ord,sys_airport ap,sys_users agent,app_customer customer where ord.id=agent.id and ord.customer_id = customer.customer_id and ord.airport_id = ap.airport_id limit ?,? 
2016-05-20 11:00:22,041 [qtp82591464-22] DEBUG [com.jianfei.core.mapper.AppOrdersMapper.get] - ==> Parameters: 0(Integer), 10(Integer)
2016-05-20 11:00:22,073 [qtp82591464-22] DEBUG [com.jianfei.core.mapper.AppOrdersMapper.get] - <==      Total: 4
2016-05-20 11:00:56,276 [qtp82591464-23] DEBUG [com.jianfei.core.mapper.ResourceMapper.findResourceByUserId] - ==>  Preparing: SELECT auth.* FROM `sys_author` auth INNER JOIN `sys_role_author` ra ON auth.`id`=ra.`author_id` INNER JOIN `sys_use_role` sur ON sur.`role_id`=ra.`role_id` WHERE sur.`user_id`=? 
2016-05-20 11:00:56,277 [qtp82591464-23] DEBUG [com.jianfei.core.mapper.ResourceMapper.findResourceByUserId] - ==> Parameters: 1(Long)
2016-05-20 11:00:56,320 [qtp82591464-23] DEBUG [com.jianfei.core.mapper.ResourceMapper.findResourceByUserId] - <==      Total: 24
2016-05-20 11:01:01,001 [qtp82591464-23] DEBUG [com.jianfei.core.mapper.AppOrdersMapper.get_COUNT] - ==>  Preparing: SELECT count(*) FROM app_orders ord, sys_airport ap, sys_users agent, app_customer customer WHERE ord.id = agent.id AND ord.customer_id = customer.customer_id AND ord.airport_id = ap.airport_id 
2016-05-20 11:01:01,002 [qtp82591464-23] DEBUG [com.jianfei.core.mapper.AppOrdersMapper.get_COUNT] - ==> Parameters: 
2016-05-20 11:01:01,031 [qtp82591464-23] DEBUG [com.jianfei.core.mapper.AppOrdersMapper.get_COUNT] - <==      Total: 1
2016-05-20 11:01:01,032 [qtp82591464-23] DEBUG [com.jianfei.core.mapper.AppOrdersMapper.get] - ==>  Preparing: select ord.order_id,ord.order_time,ord.order_state,ord.invoice_flag, ap.airport_name,agent.name, customer.customer_name,customer.customer_phone from app_orders ord,sys_airport ap,sys_users agent,app_customer customer where ord.id=agent.id and ord.customer_id = customer.customer_id and ord.airport_id = ap.airport_id limit ?,? 
2016-05-20 11:01:01,033 [qtp82591464-23] DEBUG [com.jianfei.core.mapper.AppOrdersMapper.get] - ==> Parameters: 0(Integer), 10(Integer)
2016-05-20 11:01:01,067 [qtp82591464-23] DEBUG [com.jianfei.core.mapper.AppOrdersMapper.get] - <==      Total: 4
